<?xml version="1.0"?>
<testResults>
  <FitNesseVersion>v20140201</FitNesseVersion>
  <rootPath>NetRunnerTests.PingTest</rootPath>
    <result>
    <counts>
      <right>0</right>
      <wrong>0</wrong>
      <ignores>0</ignores>
      <exceptions>3</exceptions>
    </counts>
    <runTimeInMillis>73</runTimeInMillis>
    <content>&lt;br/&gt;&lt;div class="contents"&gt;
	&lt;b&gt;Contents:&lt;/b&gt;
	&lt;ul class="toc1"/&gt;&lt;ul class="toc1"/&gt;
&lt;/div&gt;
&lt;br/&gt;&lt;br/&gt;&lt;span class="meta"&gt;variable defined: TEST_SYSTEM=slim&lt;/span&gt;
&lt;br/&gt;&lt;br/&gt;&lt;span class="meta"&gt;classpath: C:\git\NetRunner\NetRunner\NetRunner.TestImplementationSample\bin\Debug\&lt;/span&gt;&lt;br/&gt;&lt;span class="meta"&gt;variable defined: COMMAND_PATTERN=%m %p&lt;/span&gt;
&lt;br/&gt;&lt;span class="meta"&gt;variable defined: TEST_RUNNER=C:\git\NetRunner\NetRunner\NetRunner.Executable\bin\Debug\NetRunner.Executable.exe&lt;/span&gt;
&lt;br/&gt;&lt;br/&gt;&lt;span class="meta"&gt;classpath: C:\git\fitsharp\FitSample\bin\Debug\FitSample.dll&lt;/span&gt;&lt;br/&gt;define COMMAND_PATTERN! {%m -r fitSharp.Slim.Service.Runner %p}&lt;br/&gt;define TEST_RUNNER! {C:\git\fitsharp\source\Runner\bin\Debug\Runner.exe}&lt;br/&gt;&lt;br/&gt;&lt;table&gt;
	&lt;tr class="exception closed"&gt;
		&lt;td class="error"&gt;FitSample.SampleFixture&lt;/td&gt;
	&lt;/tr&gt;&lt;tr class="exception-detail closed-detail"&gt;&lt;td colspan="1"&gt;&lt;pre&gt;__EXCEPTION__:message:System.NotImplementedException: The method or operation is not implemented.
   at NetRunner.Executable.TestMetaData.FunctionCall.FromParsedLine(RawTestTable parsedLine) in c:\git\NetRunner\NetRunner\NetRunner.Executable\TestMetaData\FunctionCall.cs:line 47
   at NetRunner.Executable.TestInvokation.Executor.Execute(FitnesseCommunicator communicator, ReflectionLoader loader) in c:\git\NetRunner\NetRunner\NetRunner.Executable\TestInvokation\Executor.cs:line 33&lt;/pre&gt;&lt;/td&gt;&lt;/tr&gt;
&lt;/table&gt;
&lt;br/&gt;&lt;table&gt;
	&lt;tr class="exception closed"&gt;
		&lt;td class="error"&gt;&lt;b&gt;ping site&lt;/b&gt;&lt;/td&gt;
		&lt;td class="error"&gt;&lt;i&gt;https://google.com&lt;/i&gt;&lt;/td&gt;
	&lt;/tr&gt;&lt;tr class="exception-detail closed-detail"&gt;&lt;td colspan="2"&gt;&lt;pre&gt;__EXCEPTION__:message:System.NotImplementedException: The method or operation is not implemented.
   at NetRunner.Executable.TestMetaData.FunctionCall.FromParsedLine(RawTestTable parsedLine) in c:\git\NetRunner\NetRunner\NetRunner.Executable\TestMetaData\FunctionCall.cs:line 47
   at NetRunner.Executable.TestInvokation.Executor.Execute(FitnesseCommunicator communicator, ReflectionLoader loader) in c:\git\NetRunner\NetRunner\NetRunner.Executable\TestInvokation\Executor.cs:line 33&lt;/pre&gt;&lt;/td&gt;&lt;/tr&gt;
&lt;/table&gt;
&lt;br/&gt;&lt;table&gt;
	&lt;tr class="exception closed"&gt;
		&lt;td class="error"&gt;&lt;b&gt;ping site&lt;/b&gt;&lt;/td&gt;
		&lt;td class="error"&gt;&lt;i&gt;https://google.com&lt;/i&gt;&lt;/td&gt;
	&lt;/tr&gt;&lt;tr class="exception-detail closed-detail"&gt;&lt;td colspan="2"&gt;&lt;pre&gt;__EXCEPTION__:message:System.NotImplementedException: The method or operation is not implemented.
   at NetRunner.Executable.TestMetaData.FunctionCall.FromParsedLine(RawTestTable parsedLine) in c:\git\NetRunner\NetRunner\NetRunner.Executable\TestMetaData\FunctionCall.cs:line 47
   at NetRunner.Executable.TestInvokation.Executor.Execute(FitnesseCommunicator communicator, ReflectionLoader loader) in c:\git\NetRunner\NetRunner\NetRunner.Executable\TestInvokation\Executor.cs:line 33&lt;/pre&gt;&lt;/td&gt;&lt;/tr&gt;
&lt;/table&gt;
&lt;br/&gt;</content>
    <relativePageName>PingTest</relativePageName>
    
    
    
    <instructions>
            <instructionResult>
        <instruction>{id='decisionTable_0_0', instruction='make', instanceName='decisionTable_0', className='FitSample.SampleFixture', args=[]}</instruction>
        <slimResult>null</slimResult>
                <expectation>
                    <status>error</status>
                    <instructionId>decisionTable_0_0</instructionId>
                              <type>ConstructionExpectation</type>
                                      </expectation>
        
      </instructionResult>
            <instructionResult>
        <instruction>{id='decisionTable_1_0', instruction='make', instanceName='decisionTable_1', className='BPingSiteB', args=[&lt;i&gt;https://google.com&lt;/i&gt;]}</instruction>
        <slimResult>null</slimResult>
                <expectation>
                    <status>error</status>
                    <instructionId>decisionTable_1_0</instructionId>
                              <type>ConstructionExpectation</type>
                                      </expectation>
        
      </instructionResult>
            <instructionResult>
        <instruction>{id='decisionTable_2_0', instruction='make', instanceName='decisionTable_2', className='BPingSiteB', args=[&lt;i&gt;https://google.com&lt;/i&gt;]}</instruction>
        <slimResult>null</slimResult>
                <expectation>
                    <status>error</status>
                    <instructionId>decisionTable_2_0</instructionId>
                              <type>ConstructionExpectation</type>
                                      </expectation>
        
      </instructionResult>
      
    </instructions>
    
  </result>
  
    <finalCounts>
    <right>0</right>
    <wrong>0</wrong>
    <ignores>0</ignores>
    <exceptions>1</exceptions>
  </finalCounts>
  <totalRunTimeInMillis>14439</totalRunTimeInMillis>
  
</testResults>

